
> backend@1.0.0 start
> node server.js

null
connected on PORT: 80
database Connected with  ac-9wnzy5t-shard-00-01.yqbpugw.mongodb.net
{} kkkk
{}
{} kkkk
{}
{} kkkk
{}
{} kkkk
{}
{} kkkk
{}
{} kkkk
{}
{} kkkk
{}
{} kkkk
{}
{} kkkk
{}
{} kkkk
{}
{} kkkk
{}
{} kkkk
{}
{} kkkk
{}
{} kkkk
{}
{} kkkk
{}
{} kkkk
{}
{} kkkk
{}
{} kkkk
{}
{} kkkk
{}
{} kkkk
{}
{} kkkk
{}
{} kkkk
{}
{} kkkk
{}
{} kkkk
{}
{} kkkk
{}
{} kkkk
{}
{} kkkk
{}
{} kkkk
{}
{} kkkk
{}
{} kkkk
{}
{} kkkk
{}
{} kkkk
{}
{} kkkk
{}
{} kkkk
{}
{} kkkk
{}
{} kkkk
{}
{} kkkk
{}
{} kkkk
{}
{} kkkk
{}
{} kkkk
{}
{} kkkk
{}
{} kkkk
{}
{} kkkk
{}
{} kkkk
{}
{} kkkk
{}
{} kkkk
{}
{} kkkk
{}
{} kkkk
{}
{} kkkk
{}
{} kkkk
{}
{} kkkk
{}
{} kkkk
{}
{} kkkk
{}
{} kkkk
{}
{} kkkk
{}
{} kkkk
{}
{} kkkk
{}
{} kkkk
{}
{} kkkk
{}
{} kkkk
{}
{} kkkk
{}
{} kkkk
{}
{} kkkk
{}
{} kkkk
{}
{} kkkk
{}
{} kkkk
{}
{} kkkk
{}
{} kkkk
{}
{} kkkk
{}
{} kkkk
{}
{} kkkk
{}
{} kkkk
{}
{} kkkk
{}
{} kkkk
{}
{} kkkk
{}
{} kkkk
{}
{} kkkk
{}
{} kkkk
{}
{} kkkk
{}
{} kkkk
{}
{} kkkk
{}
{} kkkk
{}
{} kkkk
{}
{} kkkk
{}
{} kkkk
{}
{} kkkk
{}
{} kkkk
{}
{} kkkk
{}
{} kkkk
{}
{} kkkk
{}
{} kkkk
{}
{} kkkk
{}
{} kkkk
{}
{} kkkk
{}
{} kkkk
{}
{} kkkk
{}
{} kkkk
{}
{} kkkk
{}
{} kkkk
{}
{} kkkk
{}
{} kkkk
{}
{} kkkk
{}
{} kkkk
{}
{} kkkk
{}
{} kkkk
{}
{} kkkk
{}
{} kkkk
{}
{} kkkk
{}
{} kkkk
{}
{} kkkk
{}
{} kkkk
{}
{} kkkk
{}
{} kkkk
{}
{} kkkk
{}
{} kkkk
{}
{} kkkk
{}
{} kkkk
{}
{} kkkk
{}
{} kkkk
{}
{} kkkk
{}
{} kkkk
{}
{} kkkk
{}
{} kkkk
{}
{} kkkk
{}
{} kkkk
{}
{} kkkk
{}
{} kkkk
{}
{} kkkk
{}
{} kkkk
{}
